#
# There is insufficient memory for the Java Runtime Environment to continue.
# Native memory allocation (malloc) failed to allocate 1048576 bytes for AllocateHeap
# Possible reasons:
#   The system is out of physical RAM or swap space
#   In 32 bit mode, the process size limit was hit
# Possible solutions:
#   Reduce memory load on the system
#   Increase physical memory or swap space
#   Check if swap backing store is full
#   Use 64 bit Java on a 64 bit OS
#   Decrease Java heap size (-Xmx/-Xms)
#   Decrease number of Java threads
#   Decrease Java thread stack sizes (-Xss)
#   Set larger code cache with -XX:ReservedCodeCacheSize=
# This output file may be truncated or incomplete.
#
#  Out of Memory Error (memory/allocation.inline.hpp:61), pid=17884, tid=0x0000000000005344
#
# JRE version:  (8.0_181-b13) (build )
# Java VM: Java HotSpot(TM) 64-Bit Server VM (25.181-b13 mixed mode windows-amd64 compressed oops)
# Failed to write core dump. Minidumps are not enabled by default on client versions of Windows
#

---------------  T H R E A D  ---------------

Current thread (0x0000000004863800):  JavaThread "Unknown thread" [_thread_in_vm, id=21316, stack(0x00000000046f0000,0x00000000047f0000)]

Stack: [0x00000000046f0000,0x00000000047f0000]
[error occurred during error reporting (printing stack bounds), id 0xc0000005]

Native frames: (J=compiled Java code, j=interpreted, Vv=VM code, C=native code)


---------------  P R O C E S S  ---------------

Java Threads: ( => current thread )

Other Threads:

=>0x0000000004863800 (exited) JavaThread "Unknown thread" [_thread_in_vm, id=21316, stack(0x00000000046f0000,0x00000000047f0000)]

VM state:not at safepoint (normal execution)

VM Mutex/Monitor currently owned by a thread: None

Heap:
 PSYoungGen      total 18944K, used 327K [0x00000000eb180000, 0x00000000ec680000, 0x0000000100000000)
  eden space 16384K, 2% used [0x00000000eb180000,0x00000000eb1d1ec8,0x00000000ec180000)
  from space 2560K, 0% used [0x00000000ec400000,0x00000000ec400000,0x00000000ec680000)
  to   space 2560K, 0% used [0x00000000ec180000,0x00000000ec180000,0x00000000ec400000)
 ParOldGen       total 44032K, used 0K [0x00000000c1400000, 0x00000000c3f00000, 0x00000000eb180000)
  object space 44032K, 0% used [0x00000000c1400000,0x00000000c1400000,0x00000000c3f00000)
 Metaspace       used 751K, capacity 4480K, committed 4480K, reserved 1056768K
  class space    used 76K, capacity 384K, committed 384K, reserved 1048576K

Card table byte_map: [0x0000000013d20000,0x0000000013f20000] byte_map_base: 0x0000000013716000

Marking Bits: (ParMarkBitMap*) 0x000000006d432d00
 Begin Bits: [0x0000000014470000, 0x0000000015420000)
 End Bits:   [0x0000000015420000, 0x00000000163d0000)

Polling page: 0x0000000002ea0000

CodeCache: size=245760Kb used=328Kb max_used=328Kb free=245431Kb
 bounds [0x0000000004960000, 0x0000000004bd0000, 0x0000000013960000]
 total_blobs=58 nmethods=0 adapters=38
 compilation: enabled

Compilation events (0 events):
No events

GC Heap History (0 events):
No events

Deoptimization events (0 events):
No events

Classes redefined (0 events):
No events

Internal exceptions (0 events):
No events

Events (10 events):
Event: 0.033 loading class java/lang/Short
Event: 0.033 loading class java/lang/Short done
Event: 0.033 loading class java/lang/Integer
Event: 0.033 loading class java/lang/Integer done
Event: 0.033 loading class java/lang/Long
Event: 0.033 loading class java/lang/Long done
Event: 0.034 loading class java/lang/NullPointerException
Event: 0.034 loading class java/lang/NullPointerException done
Event: 0.034 loading class java/lang/ArithmeticException
Event: 0.034 loading class java/lang/ArithmeticException done


Dynamic libraries:
0x00007ff725710000 - 0x00007ff725747000 	C:\Program Files\Java\jre1.8.0_181\bin\javaw.exe
0x00007ffa528a0000 - 0x00007ffa52a80000 	C:\WINDOWS\SYSTEM32\ntdll.dll
0x00007ffa517d0000 - 0x00007ffa5187e000 	C:\WINDOWS\System32\KERNEL32.DLL
0x00007ffa4f6c0000 - 0x00007ffa4f926000 	C:\WINDOWS\System32\KERNELBASE.dll
0x00007ffa4fe10000 - 0x00007ffa4feb1000 	C:\WINDOWS\System32\ADVAPI32.dll
0x00007ffa52580000 - 0x00007ffa5261d000 	C:\WINDOWS\System32\msvcrt.dll
0x00007ffa51fb0000 - 0x00007ffa5200b000 	C:\WINDOWS\System32\sechost.dll
0x00007ffa4fec0000 - 0x00007ffa4ffdf000 	C:\WINDOWS\System32\RPCRT4.dll
0x00007ffa52010000 - 0x00007ffa5219f000 	C:\WINDOWS\System32\USER32.dll
0x00007ffa4fbf0000 - 0x00007ffa4fc10000 	C:\WINDOWS\System32\win32u.dll
0x00007ffa4fd70000 - 0x00007ffa4fd98000 	C:\WINDOWS\System32\GDI32.dll
0x00007ffa4fa50000 - 0x00007ffa4fbe3000 	C:\WINDOWS\System32\gdi32full.dll
0x00007ffa4f9b0000 - 0x00007ffa4fa4b000 	C:\WINDOWS\System32\msvcp_win.dll
0x00007ffa4f5c0000 - 0x00007ffa4f6b6000 	C:\WINDOWS\System32\ucrtbase.dll
0x00007ffa45210000 - 0x00007ffa45479000 	C:\WINDOWS\WinSxS\amd64_microsoft.windows.common-controls_6595b64144ccf1df_6.0.16299.125_none_15cbcf8893620c09\COMCTL32.dll
0x00007ffa50080000 - 0x00007ffa50388000 	C:\WINDOWS\System32\combase.dll
0x00007ffa4f930000 - 0x00007ffa4f9a2000 	C:\WINDOWS\System32\bcryptPrimitives.dll
0x00007ffa52770000 - 0x00007ffa5279d000 	C:\WINDOWS\System32\IMM32.DLL
0x000000006ca70000 - 0x000000006cb42000 	C:\Program Files\Java\jre1.8.0_181\bin\msvcr100.dll
0x000000006cc10000 - 0x000000006d4b2000 	C:\Program Files\Java\jre1.8.0_181\bin\server\jvm.dll
0x00007ffa4fda0000 - 0x00007ffa4fda8000 	C:\WINDOWS\System32\PSAPI.DLL
0x00007ffa454e0000 - 0x00007ffa454e9000 	C:\WINDOWS\SYSTEM32\WSOCK32.dll
0x00007ffa52620000 - 0x00007ffa5268c000 	C:\WINDOWS\System32\WS2_32.dll
0x00007ffa44880000 - 0x00007ffa448a3000 	C:\WINDOWS\SYSTEM32\WINMM.dll
0x00007ffa45480000 - 0x00007ffa4548a000 	C:\WINDOWS\SYSTEM32\VERSION.dll
0x00007ffa44850000 - 0x00007ffa4487a000 	C:\WINDOWS\SYSTEM32\WINMMBASE.dll
0x00007ffa4fd20000 - 0x00007ffa4fd6a000 	C:\WINDOWS\System32\cfgmgr32.dll
0x000000006d6c0000 - 0x000000006d6cf000 	C:\Program Files\Java\jre1.8.0_181\bin\verify.dll
0x000000006cbe0000 - 0x000000006cc09000 	C:\Program Files\Java\jre1.8.0_181\bin\java.dll
0x000000006cbc0000 - 0x000000006cbd6000 	C:\Program Files\Java\jre1.8.0_181\bin\zip.dll

VM Arguments:
jvm_args: -Dfile.encoding=Cp1252 
java_command: com.nrk.mobile.App
java_class_path (initial): C:\Users\NINGANA GOUDA\workspace\mobile_shop_management_system\target\classes;C:\Users\NINGANA GOUDA\.m2\repository\org\springframework\spring-context\4.0.3.RELEASE\spring-context-4.0.3.RELEASE.jar;C:\Users\NINGANA GOUDA\.m2\repository\org\springframework\spring-aop\4.0.3.RELEASE\spring-aop-4.0.3.RELEASE.jar;C:\Users\NINGANA GOUDA\.m2\repository\aopalliance\aopalliance\1.0\aopalliance-1.0.jar;C:\Users\NINGANA GOUDA\.m2\repository\org\springframework\spring-beans\4.0.3.RELEASE\spring-beans-4.0.3.RELEASE.jar;C:\Users\NINGANA GOUDA\.m2\repository\org\springframework\spring-core\4.0.3.RELEASE\spring-core-4.0.3.RELEASE.jar;C:\Users\NINGANA GOUDA\.m2\repository\commons-logging\commons-logging\1.1.3\commons-logging-1.1.3.jar;C:\Users\NINGANA GOUDA\.m2\repository\org\springframework\spring-expression\4.0.3.RELEASE\spring-expression-4.0.3.RELEASE.jar;C:\Users\NINGANA GOUDA\.m2\repository\org\springframework\spring-tx\4.0.3.RELEASE\spring-tx-4.0.3.RELEASE.jar;C:\Users\NINGANA GOUDA\.m2\repository\org\springframework\spring-orm\4.0.3.RELEASE\spring-orm-4.0.3.RELEASE.jar;C:\Users\NINGANA GOUDA\.m2\repository\org\springframework\spring-jdbc\4.0.3.RELEASE\spring-jdbc-4.0.3.RELEASE.jar;C:\Users\NINGANA GOUDA\.m2\repository\org\slf4j\slf4j-api\1.7.25\slf4j-api-1.7.25.jar;C:\Users\NINGANA GOUDA\.m2\repository\ch\qos\logback\logback-classic\1.2.3\logback-classic-1.2.3.jar;C:\Users\NINGANA GOUDA\.m2\repository\ch\qos\logback\logback-core\1.2.3\logback-core-1.2.3.jar;C:\Users\NINGANA GOUDA\.m2\repository\org\hibernate\hibernate-entitymanager\4.3.5.Final\hibernate-entitymanager-4.3.5.Final.jar;C:\Users\NINGANA GOUDA\.m2\repository\org\jboss\logging\jboss-logging\3.1.3.GA\jboss-logging-3.1.3.GA.jar;C:\Users\NINGANA GOUDA\.m2\repository\org\jboss\logging\jboss-logging-annotations\1.2.0.Beta1\jboss-logging-annotations-1.2.0.Beta1.jar;C:\Users\NINGANA GOUDA\.m2\repository\dom4j\dom4j\1.6.1\dom4j-1.6.1.jar;C:\Users\NINGANA GOUDA\.m2\repository\xml-apis\xml-apis\1
Launcher Type: SUN_STANDARD

Environment Variables:
PATH=C:/Program Files/Java/jre1.8.0_181/bin/server;C:/Program Files/Java/jre1.8.0_181/bin;C:/Program Files/Java/jre1.8.0_181/lib/amd64;C:\Program Files (x86)\Common Files\Oracle\Java\javapath;C:\Program Files (x86)\Intel\iCLS Client\;C:\Program Files\Intel\iCLS Client\;C:\WINDOWS\system32;C:\WINDOWS;C:\WINDOWS\System32\Wbem;C:\WINDOWS\System32\WindowsPowerShell\v1.0\;C:\Program Files (x86)\Intel\Intel(R) Management Engine Components\DAL;C:\Program Files\Intel\Intel(R) Management Engine Components\DAL;C:\Program Files (x86)\Intel\Intel(R) Management Engine Components\IPT;C:\Program Files\Intel\Intel(R) Management Engine Components\IPT;C:\Program Files\Microsoft SQL Server\110\Tools\Binn\;C:\Program Files (x86)\Microsoft SQL Server\100\Tools\Binn\;C:\Program Files\Microsoft SQL Server\100\Tools\Binn\;C:\Program Files\Microsoft SQL Server\100\DTS\Binn\;C:\Python27;C:\Python27\Scripts;C:\Python27\Scripts;C:\Users\NINGANA GOUDA\PycharmProject\venv\Scripts;C:\Program Files\Git\cmd;C:\Program Files\Java\jdk-11\bin;C:\Program Files\Java\jre1.8.0_181\bin;C:\Users\NINGANA GOUDA\PycharmProject\venv\Lib\site-packages;C:\Users\NINGANA GOUDA\AppData\Local\Microsoft\WindowsApps;;C:\Users\NINGANA GOUDA\AppData\Local\Programs\Microsoft VS Code\bin;C:\Users\NINGANA GOUDA\Downloads\eclipse-jee-mars-R-win32-x86_64\eclipse;
USERNAME=NINGANA GOUDA
OS=Windows_NT
PROCESSOR_IDENTIFIER=Intel64 Family 6 Model 78 Stepping 3, GenuineIntel



---------------  S Y S T E M  ---------------

OS: Windows 10.0 , 64 bit Build 16299 (10.0.16299.15)

CPU:total 4 (initial active 4) (2 cores per cpu, 2 threads per core) family 6 model 78 stepping 3, cmov, cx8, fxsr, mmx, sse, sse2, sse3, ssse3, sse4.1, sse4.2, popcnt, avx, avx2, aes, clmul, erms, 3dnowpref, lzcnt, ht, tsc, tscinvbit, bmi1, bmi2, adx

Memory: 4k page, physical 4109220k(656760k free), swap 16692132k(5244k free)

vm_info: Java HotSpot(TM) 64-Bit Server VM (25.181-b13) for windows-amd64 JRE (1.8.0_181-b13), built on Jul  7 2018 04:01:33 by "java_re" with MS VC++ 10.0 (VS2010)

time: Thu Nov 29 12:43:41 2018
elapsed time: 0 seconds (0d 0h 0m 0s)

